make all --print-data-base --no-builtin-variables --no-builtin-rules --question
# GNU Make 3.82
# Built for x86_64-redhat-linux-gnu
# Copyright (C) 2010  Free Software Foundation, Inc.
# License GPLv3+: GNU GPL version 3 or later <http://gnu.org/licenses/gpl.html>
# This is free software: you are free to change and redistribute it.
# There is NO WARRANTY, to the extent permitted by law.

# Make data base, printed on Tue Jun 21 16:46:01 2022

# Variables

# automatic
<D = $(patsubst %/,%,$(dir $<))
# automatic
?F = $(notdir $?)
# environment
DESKTOP_SESSION = 1-kde-plasma-standard
# environment
KONSOLE_DBUS_WINDOW = /Windows/3
# default
.SHELLFLAGS := -c
# environment
QTDIR = /opt/AdvantestTestCell/Qt-4.8.7
# environment
XDG_SESSION_TYPE = x11
# environment
VSCODE_LOG_NATIVE = false
# automatic
?D = $(patsubst %/,%,$(dir $?))
# automatic
@D = $(patsubst %/,%,$(dir $@))
# environment
XAUTHORITY = /tmp/kde-damon/xauth-1001-_0
# environment
GDMSESSION = 1-kde-plasma-standard
# environment
XMODIFIERS = @im=none
# makefile
CURDIR := /home/damon/myPrj/k8s_prj/efk
# makefile
SHELL = /bin/sh
# environment
GDM_LANG = en_US.utf8
# environment
VSCODE_NLS_CONFIG = {"locale":"zh-cn","availableLanguages":{"*":"zh-cn"},"_languagePackId":"bbca1a7059cee8a1b93da8947fee1c4f.zh-cn","_translationsConfigFile":"/home/damon/.config/Code/clp/bbca1a7059cee8a1b93da8947fee1c4f.zh-cn/tcf.json","_cacheRoot":"/home/damon/.config/Code/clp/bbca1a7059cee8a1b93da8947fee1c4f.zh-cn","_resolvedLanguagePackCoreLocation":"/home/damon/.config/Code/clp/bbca1a7059cee8a1b93da8947fee1c4f.zh-cn/30d9c6cd9483b2cc586687151bcbcd635f373630","_corruptedFile":"/home/damon/.config/Code/clp/bbca1a7059cee8a1b93da8947fee1c4f.zh-cn/corrupted.info","_languagePackSupport":true}
# environment
_ = /usr/bin/make
# environment
LESSOPEN = ||/usr/bin/lesspipe.sh %s
# environment
GTK_OVERLAY_SCROLLING = 0
# makefile
MAKEFILE_LIST := 
# automatic
@F = $(notdir $@)
# environment
HISTCONTROL = ignoredups
# environment
V93000_TM_LIBRARY_PATH = :/opt/93000mts/mts/execution_engine/UTM/sh_lib/:/opt/93000mts/mts/solution_tools/sh_lib:/opt/93000mts/mts/execution_engine/UTM/sh_lib/:/opt/93000mts/mts/solution_tools/sh_lib
# environment
XDG_DATA_DIRS = /usr/share/kde-settings/kde-profile/default/share:/usr/local/share:/usr/share
# environment
DBUS_SESSION_BUS_ADDRESS = unix:abstract=/tmp/dbus-xyu37GIOeA,guid=f501c25750848be825cd1723628b364f
# environment
VSCODE_VERBOSE_LOGGING = true
# environment
USER = damon
# environment
VSCODE_CWD = /home/damon/myPrj/k8s_prj/efk
# environment
XDG_SESSION_PATH = /org/freedesktop/DisplayManager/Session1
# environment
PATH = /usr/local/istio/bin:/usr/local/protoc3/bin:/usr/local/node/bin:/opt/AdvantestTestCell/Qt-4.8.7/bin/:/home/damon/qtcreator-4.15.2/bin/:/usr/lib64/qt-3.3/bin:/usr/local/bin:/usr/bin:/bin:/home/damon/bin:/usr/local/sbin:/usr/sbin:/usr/local/go/bin:/home/damon/go/bin:/home/damon/.yarn/bin
# environment
QT_GRAPHICSSYSTEM_CHECKED = 1
# environment
LSCOLORS = Gxfxcxdxbxegedabagacad
# environment
SESSION_MANAGER = local/unix:@/tmp/.ICE-unix/1433,unix/unix:/tmp/.ICE-unix/1433
# environment
XDG_RUNTIME_DIR = /run/user/1001
# environment
ACE_ROOT = /usr/share/ace
# environment
WINDOWID = 60819546
# environment
KONSOLE_PROFILE_NAME = Damon_UTF8
# environment
XDG_MENU_PREFIX = kde4-
# environment
VSCODE_LOG_STACK = false
# environment
ELECTRON_RUN_AS_NODE = 1
# environment
GTK2_RC_FILES = /home/damon/.gtkrc-2.0-kde4
# environment
PROFILEHOME = 
# default
.FEATURES := target-specific order-only second-expansion else-if shortest-stem undefine oneshell archives jobserver check-symlink
# environment
ELECTRON_NO_ATTACH_CONSOLE = 1
# environment
XDG_GREETER_DATA_DIR = /var/lib/lightdm-data/damon
# environment
LS_COLORS = rs=0:di=38;5;27:ln=38;5;51:mh=44;38;5;15:pi=40;38;5;11:so=38;5;13:do=38;5;5:bd=48;5;232;38;5;11:cd=48;5;232;38;5;3:or=48;5;232;38;5;9:mi=05;48;5;232;38;5;15:su=48;5;196;38;5;15:sg=48;5;11;38;5;16:ca=48;5;196;38;5;226:tw=48;5;10;38;5;16:ow=48;5;10;38;5;21:st=48;5;21;38;5;15:ex=38;5;34:*.tar=38;5;9:*.tgz=38;5;9:*.arc=38;5;9:*.arj=38;5;9:*.taz=38;5;9:*.lha=38;5;9:*.lz4=38;5;9:*.lzh=38;5;9:*.lzma=38;5;9:*.tlz=38;5;9:*.txz=38;5;9:*.tzo=38;5;9:*.t7z=38;5;9:*.zip=38;5;9:*.z=38;5;9:*.Z=38;5;9:*.dz=38;5;9:*.gz=38;5;9:*.lrz=38;5;9:*.lz=38;5;9:*.lzo=38;5;9:*.xz=38;5;9:*.bz2=38;5;9:*.bz=38;5;9:*.tbz=38;5;9:*.tbz2=38;5;9:*.tz=38;5;9:*.deb=38;5;9:*.rpm=38;5;9:*.jar=38;5;9:*.war=38;5;9:*.ear=38;5;9:*.sar=38;5;9:*.rar=38;5;9:*.alz=38;5;9:*.ace=38;5;9:*.zoo=38;5;9:*.cpio=38;5;9:*.7z=38;5;9:*.rz=38;5;9:*.cab=38;5;9:*.jpg=38;5;13:*.jpeg=38;5;13:*.gif=38;5;13:*.bmp=38;5;13:*.pbm=38;5;13:*.pgm=38;5;13:*.ppm=38;5;13:*.tga=38;5;13:*.xbm=38;5;13:*.xpm=38;5;13:*.tif=38;5;13:*.tiff=38;5;13:*.png=38;5;13:*.svg=38;5;13:*.svgz=38;5;13:*.mng=38;5;13:*.pcx=38;5;13:*.mov=38;5;13:*.mpg=38;5;13:*.mpeg=38;5;13:*.m2v=38;5;13:*.mkv=38;5;13:*.webm=38;5;13:*.ogm=38;5;13:*.mp4=38;5;13:*.m4v=38;5;13:*.mp4v=38;5;13:*.vob=38;5;13:*.qt=38;5;13:*.nuv=38;5;13:*.wmv=38;5;13:*.asf=38;5;13:*.rm=38;5;13:*.rmvb=38;5;13:*.flc=38;5;13:*.avi=38;5;13:*.fli=38;5;13:*.flv=38;5;13:*.gl=38;5;13:*.dl=38;5;13:*.xcf=38;5;13:*.xwd=38;5;13:*.yuv=38;5;13:*.cgm=38;5;13:*.emf=38;5;13:*.axv=38;5;13:*.anx=38;5;13:*.ogv=38;5;13:*.ogx=38;5;13:*.aac=38;5;45:*.au=38;5;45:*.flac=38;5;45:*.mid=38;5;45:*.midi=38;5;45:*.mka=38;5;45:*.mp3=38;5;45:*.mpc=38;5;45:*.ogg=38;5;45:*.ra=38;5;45:*.wav=38;5;45:*.axa=38;5;45:*.oga=38;5;45:*.spx=38;5;45:*.xspf=38;5;45:
# environment
XDG_SESSION_DESKTOP = 1-kde-plasma-standard
# environment
SSH_AUTH_SOCK = /tmp/ssh-UBK7FVzSEXQl/agent.1111
# automatic
%F = $(notdir $%)
# environment
KDEDIRS = /usr
# environment
DISPLAY = :0
# environment
MPC_ROOT = /usr/share/mpc
# environment
XCURSOR_THEME = Adwaita
# environment
GTK_IM_MODULE = gtk-im-context-simple
# environment
IMSETTINGS_INTEGRATE_DESKTOP = yes
# environment
PWD = /home/damon/myPrj/k8s_prj/efk
# environment
KDE_SESSION_VERSION = 4
# environment
XDG_SEAT = seat0
# environment
SSH_AGENT_PID = 1319
# environment
ORIGINAL_XDG_CURRENT_DESKTOP = KDE
# environment
VSCODE_AMD_ENTRYPOINT = vs/workbench/api/node/extensionHostProcess
# environment
HOME = /home/damon
# environment
VSCODE_CLI = 1
# environment
VSCODE_CODE_CACHE_PATH = /home/damon/.config/Code/CachedData/30d9c6cd9483b2cc586687151bcbcd635f373630
# environment
LOGNAME = damon
# environment
APPLICATION_INSIGHTS_NO_DIAGNOSTIC_CHANNEL = 1
# environment
KDE_FULL_SESSION = true
# environment
ZSH = /home/damon/.oh-my-zsh
# environment
VSCODE_HANDLES_UNCAUGHT_ERRORS = true
# default
MAKE_VERSION := 3.82
# automatic
^D = $(patsubst %/,%,$(dir $^))
# environment
HOSTNAME = cnshvmwsgss007
# environment
XDG_VTNR = 1
# environment
MAKELEVEL := 0
# environment
KONSOLE_DBUS_SESSION = /Sessions/27
# default
MAKE = $(MAKE_COMMAND)
# default
MAKECMDGOALS := all
# environment
QT_IM_MODULE = xim
# environment
SHLVL = 4
# environment
VSCODE_IPC_HOOK_EXTHOST = /run/user/1001/vscode-ipc-4b46a3c4-e11e-44a3-80bb-26679f5aac04.sock
# environment
XDG_SESSION_ID = 1001
# environment
KDE_MULTIHEAD = false
# environment
QTLIB = /opt/AdvantestTestCell/Qt-4.8.7/lib
# environment
XDG_CURRENT_DESKTOP = KDE
# environment
GOROOT = /usr/local/go
# environment
LESS = -R
# automatic
%D = $(patsubst %/,%,$(dir $%))
# default
MAKE_COMMAND := make
# default
.VARIABLES := 
# environment
CVS_RSH = ssh
# environment
IMSETTINGS_MODULE = none
# automatic
*F = $(notdir $*)
# environment
LANGUAGE = 
# environment
XDG_SEAT_PATH = /org/freedesktop/DisplayManager/Seat0
# environment
VSCODE_IPC_HOOK = /run/user/1001/vscode-a84bc41f-1.68.1-main.sock
# environment
GNOME_KEYRING_CONTROL = /home/damon/.cache/keyring-H9JQM1
# makefile
MAKEFLAGS = Rrqp
# environment
MFLAGS = -Rrqp
# automatic
*D = $(patsubst %/,%,$(dir $*))
# environment
MAIL = /var/spool/mail/damon
# environment
SHELL_SESSION_ID = 971b530d915640008e88c9e9f9597d28
# environment
QT_QMAKE_EXECUTABLE = /opt/AdvantestTestCell/Qt-4.8.7/bin/qmake
# automatic
+D = $(patsubst %/,%,$(dir $+))
# environment
GDK_BACKEND = x11
# environment
LESSCHARSET = utf-8
# automatic
+F = $(notdir $+)
# environment
NO_AT_BRIDGE = 1
# environment
COLORFGBG = 15;0
# environment
VSCODE_PIPE_LOGGING = true
# default
MAKEFILES := 
# automatic
<F = $(notdir $<)
# environment
PAGER = less
# environment
LC_ALL = C
# environment
SBX_CHROME_API_RQ = 1
# automatic
^F = $(notdir $^)
# default
SUFFIXES := 
# environment
HISTSIZE = 50000
# environment
GS_LIB = 
# environment
CHROME_DESKTOP = code-url-handler.desktop
# environment
KONSOLE_DBUS_SERVICE = :1.15739
# default
.INCLUDE_DIRS = /usr/include /usr/local/include /usr/include
# environment
QTINC = /opt/AdvantestTestCell/Qt-4.8.7/include
# default
.RECIPEPREFIX := 
# makefile
.DEFAULT_GOAL := 
# environment
LANG = C
# environment
TERM = xterm-256color
# environment
MTP_ROOT = /opt/93000mts/mts/
# environment
VSCODE_PID = 26982
# environment
KDE_SESSION_UID = 1001
# variable set hash-table stats:
# Load=130/1024=13%, Rehash=0, Collisions=19/149=13%

# Pattern-specific Variable Values

# No pattern-specific variable values.

# Directories

# . (device 64770, inode 1882555299): 5 files, no impossibilities.

# 5 files, no impossibilities in 1 directories.

# Implicit Rules

# No implicit rules.

# Files

# Not a target:
all:
#  Command line target.
#  Implicit rule search has been done.
#  File does not exist.
#  File has not been updated.

# Not a target:
.SUFFIXES:
#  Implicit rule search has not been done.
#  Modification time never checked.
#  File has not been updated.

# Not a target:
Makefile:
 
make: *** No rule to make target `all'.  Stop.

#  Implicit rule search has been done.
#  File does not exist.
#  File has been updated.
#  Failed to be updated.

# Not a target:
makefile:
#  Implicit rule search has been done.
#  File does not exist.
#  File has been updated.
#  Failed to be updated.

# Not a target:
.DEFAULT:
#  Implicit rule search has not been done.
#  Modification time never checked.
#  File has not been updated.

# Not a target:
GNUmakefile:
#  Implicit rule search has been done.
#  File does not exist.
#  File has been updated.
#  Failed to be updated.

# files hash-table stats:
# Load=6/1024=1%, Rehash=0, Collisions=0/15=0%
# VPATH Search Paths

# No `vpath' search paths.

# No general (`VPATH' variable) search path.

# # of strings in strcache: 0 / lookups = 16 / hits = 16
# # of strcache buffers: 1 (* 8176 B/buffer = 8176 B)
# strcache used: total = 0 (122) / max = 0 / min = 8176 / avg = 0
# strcache free: total = 0 (8054) / max = 0 / min = 8176 / avg = 0

# strcache hash-table stats:
# Load=13/8192=0%, Rehash=0, Collisions=1/16=6%
# Finished Make data base on Tue Jun 21 16:46:01 2022

 
